#
# A fatal error has been detected by the Java Runtime Environment:
#
#  EXCEPTION_ACCESS_VIOLATION (0xc0000005) at pc=0x000000005754f4a7, pid=4684, tid=0x0000000000001184
#
# JRE version: Java(TM) SE Runtime Environment (8.0_131-b11) (build 1.8.0_131-b11)
# Java VM: Java HotSpot(TM) 64-Bit Server VM (25.131-b11 mixed mode windows-amd64 compressed oops)
# Problematic frame:
# V  [jvm.dll+0x13f4a7]
#
# Failed to write core dump. Minidumps are not enabled by default on client versions of Windows
#
# If you would like to submit a bug report, please visit:
#   http://bugreport.java.com/bugreport/crash.jsp
#

---------------  T H R E A D  ---------------

Current thread (0x000000000b079800):  JavaThread "JDWP Event Helper Thread" daemon [_thread_in_vm, id=4484, stack(0x000000000b760000,0x000000000b860000)]

siginfo: ExceptionCode=0xc0000005, reading address 0x0000000000000014

Registers:
RAX=0x00000001000016d0, RBX=0x000000000b079800, RCX=0x00000000d7f88028, RDX=0x00000001000016d0
RSP=0x000000000b85f2f0, RBP=0x0000000002cdc870, RSI=0x000000000b06efa0, RDI=0x000000000b06ef00
R8 =0x000000000000000c, R9 =0x000000000b06efa0, R10=0x000000000000ff00, R11=0x000000000b85f473
R12=0x00000000571372c8, R13=0x00000000571372ac, R14=0x000000005713a390, R15=0x000000005713ad60
RIP=0x000000005754f4a7, EFLAGS=0x0000000000010202

Top of Stack: (sp=0x000000000b85f2f0)
0x000000000b85f2f0:   0000000000000001 0000000000000000
0x000000000b85f300:   0000000000000000 0000000057556acf
0x000000000b85f310:   000000000b06efa0 0000000057133cea
0x000000000b85f320:   000000000b0799f8 000000005713c41c
0x000000000b85f330:   0000000000000001 000000005711ab84
0x000000000b85f340:   0000000000000001 000000005713ac01
0x000000000b85f350:   000000000b0799f8 0000000057129706
0x000000000b85f360:   000000000b85f400 000000000b85f3b0
0x000000000b85f370:   000000000c41e34c 0000000000000008
0x000000000b85f380:   0000000000000001 000000005713ac01
0x000000000b85f390:   000000000b0799f8 00000000571293e7
0x000000000b85f3a0:   000000000c41e360 000000000b85f4d0
0x000000000b85f3b0:   000000005713ac01 000000000b0799f8
0x000000000b85f3c0:   000000000b85f4d0 0000000057126508
0x000000000b85f3d0:   000000000c41e360 000000000c41e320
0x000000000b85f3e0:   0000000000000001 000000000b06efa0 

Instructions: (pc=0x000000005754f4a7)
0x000000005754f487:   48 8b 4d 00 40 32 ff e8 8d 92 f2 ff 48 8b d0 48
0x000000005754f497:   85 c0 74 4c 40 38 3d 0f df 6c 00 4c 8b 06 74 16
0x000000005754f4a7:   45 8b 40 08 8b 0d f7 12 66 00 49 d3 e0 4c 03 05
0x000000005754f4b7:   e5 12 66 00 eb 04 4d 8b 40 08 8b 48 0c 8b c1 4a 


Register to memory mapping:

RAX=0x00000001000016d0 is pointing into metadata
RBX=0x000000000b079800 is a thread
RCX=0x00000000d7f88028 is an oop
java.lang.Class 
 - klass: 'java/lang/Class'
RDX=0x00000001000016d0 is pointing into metadata
RSP=0x000000000b85f2f0 is pointing into the stack for thread: 0x000000000b079800
RBP=0x0000000002cdc870 is a global jni handle
RSI=0x000000000b06efa0 is a global jni handle
RDI=0x000000000b06ef00 is an unknown value
R8 =0x000000000000000c is an unknown value
R9 =0x000000000b06efa0 is a global jni handle
R10=0x000000000000ff00 is an unknown value
R11=0x000000000b85f473 is pointing into the stack for thread: 0x000000000b079800
R12=0x00000000571372c8 is an unknown value
R13=0x00000000571372ac is an unknown value
R14=0x000000005713a390 is an unknown value
R15=0x000000005713ad60 is an unknown value


Stack: [0x000000000b760000,0x000000000b860000],  sp=0x000000000b85f2f0,  free space=1020k
Native frames: (J=compiled Java code, j=interpreted, Vv=VM code, C=native code)
V  [jvm.dll+0x13f4a7]
C  [jdwp.dll+0x23cea]
C  [jdwp.dll+0x19706]
C  [jdwp.dll+0x16508]
C  [jdwp.dll+0x167fe]
V  [jvm.dll+0x1bda28]
V  [jvm.dll+0x24537f]
V  [jvm.dll+0x29cc1a]
C  [msvcr100.dll+0x21d9f]
C  [msvcr100.dll+0x21e3b]
C  [KERNEL32.DLL+0x12774]
C  [ntdll.dll+0x70d61]


---------------  P R O C E S S  ---------------

Java Threads: ( => current thread )
  0x000000000c507800 JavaThread "Hikari Housekeeping Timer (pool HikariPool-0)" daemon [_thread_blocked, id=8484, stack(0x000000000ca60000,0x000000000cb60000)]
  0x000000000b1d0800 JavaThread "ReaderThread" [_thread_in_native, id=4648, stack(0x000000000bf60000,0x000000000c060000)]
  0x000000000b116000 JavaThread "Service Thread" daemon [_thread_blocked, id=204, stack(0x000000000bd60000,0x000000000be60000)]
  0x000000000b090000 JavaThread "C1 CompilerThread2" daemon [_thread_blocked, id=8400, stack(0x000000000bc60000,0x000000000bd60000)]
  0x000000000b08f000 JavaThread "C2 CompilerThread1" daemon [_thread_blocked, id=5172, stack(0x000000000ba60000,0x000000000bb60000)]
  0x000000000b08b000 JavaThread "C2 CompilerThread0" daemon [_thread_blocked, id=3196, stack(0x000000000b960000,0x000000000ba60000)]
  0x000000000b07c800 JavaThread "JDWP Command Reader" daemon [_thread_in_native, id=6484, stack(0x000000000b860000,0x000000000b960000)]
=>0x000000000b079800 JavaThread "JDWP Event Helper Thread" daemon [_thread_in_vm, id=4484, stack(0x000000000b760000,0x000000000b860000)]
  0x000000000b077800 JavaThread "JDWP Transport Listener: dt_socket" daemon [_thread_blocked, id=1136, stack(0x000000000b660000,0x000000000b760000)]
  0x000000000887e000 JavaThread "Attach Listener" daemon [_thread_blocked, id=7984, stack(0x000000000b560000,0x000000000b660000)]
  0x000000000b068800 JavaThread "Signal Dispatcher" daemon [_thread_blocked, id=8936, stack(0x000000000b460000,0x000000000b560000)]
  0x000000000885a800 JavaThread "Finalizer" daemon [_thread_blocked, id=8200, stack(0x0000000009ac0000,0x0000000009bc0000)]
  0x0000000008839000 JavaThread "Reference Handler" daemon [_thread_blocked, id=8736, stack(0x00000000099c0000,0x0000000009ac0000)]
  0x00000000026ee800 JavaThread "main" [_thread_blocked, id=728, stack(0x0000000002780000,0x0000000002880000)]

Other Threads:
  0x0000000008836800 VMThread [stack: 0x00000000098c0000,0x00000000099c0000] [id=6520]
  0x000000000b169000 WatcherThread [stack: 0x000000000be60000,0x000000000bf60000] [id=2740]

VM state:not at safepoint (normal execution)

VM Mutex/Monitor currently owned by a thread: None

Heap:
 PSYoungGen      total 38400K, used 7837K [0x00000000d5f00000, 0x00000000d8980000, 0x0000000100000000)
  eden space 33280K, 8% used [0x00000000d5f00000,0x00000000d61af088,0x00000000d7f80000)
  from space 5120K, 99% used [0x00000000d7f80000,0x00000000d8478570,0x00000000d8480000)
  to   space 5120K, 0% used [0x00000000d8480000,0x00000000d8480000,0x00000000d8980000)
 ParOldGen       total 87552K, used 1848K [0x0000000081c00000, 0x0000000087180000, 0x00000000d5f00000)
  object space 87552K, 2% used [0x0000000081c00000,0x0000000081dce040,0x0000000087180000)
 Metaspace       used 14142K, capacity 14316K, committed 14592K, reserved 1062912K
  class space    used 1648K, capacity 1694K, committed 1792K, reserved 1048576K

Card table byte_map: [0x00000000030d0000,0x00000000034d0000] byte_map_base: 0x0000000002cc2000

Marking Bits: (ParMarkBitMap*) 0x0000000057c2c720
 Begin Bits: [0x0000000003b80000, 0x0000000005b10000)
 End Bits:   [0x0000000005b10000, 0x0000000007aa0000)

Polling page: 0x0000000002880000

CodeCache: size=245760Kb used=3275Kb max_used=3275Kb free=242484Kb
 bounds [0x000000000f010000, 0x000000000f350000, 0x000000001e010000]
 total_blobs=1243 nmethods=842 adapters=322
 compilation: enabled

Compilation events (10 events):
Event: 1.261 Thread 0x000000000b090000  838       1       com.jfireframework.sql.mapfield.impl.MapFieldImpl::getColName (5 bytes)
Event: 1.261 Thread 0x000000000b090000 nmethod 838 0x000000000f341390 code [0x000000000f3414e0, 0x000000000f3415f0]
Event: 1.264 Thread 0x000000000b090000  839       3       sun.reflect.AccessorGenerator::sub (5 bytes)
Event: 1.265 Thread 0x000000000b090000 nmethod 839 0x000000000f341090 code [0x000000000f3411e0, 0x000000000f341330]
Event: 10.070 Thread 0x000000000b090000  840       3       java.util.Arrays$ArrayList::get (7 bytes)
Event: 10.071 Thread 0x000000000b090000 nmethod 840 0x000000000f344510 code [0x000000000f344660, 0x000000000f3447d0]
Event: 10.071 Thread 0x000000000b090000  841   !   3       java.util.AbstractList$Itr::next (45 bytes)
Event: 10.071 Thread 0x000000000b090000 nmethod 841 0x000000000f3448d0 code [0x000000000f344aa0, 0x000000000f345118]
Event: 10.072 Thread 0x000000000b090000  842       3       java.util.AbstractList$Itr::checkForComodification (23 bytes)
Event: 10.072 Thread 0x000000000b090000 nmethod 842 0x000000000f345490 code [0x000000000f345600, 0x000000000f345828]

GC Heap History (2 events):
Event: 1.190 GC heap before
{Heap before GC invocations=1 (full 0):
 PSYoungGen      total 38400K, used 33280K [0x00000000d5f00000, 0x00000000d8980000, 0x0000000100000000)
  eden space 33280K, 100% used [0x00000000d5f00000,0x00000000d7f80000,0x00000000d7f80000)
  from space 5120K, 0% used [0x00000000d8480000,0x00000000d8480000,0x00000000d8980000)
  to   space 5120K, 0% used [0x00000000d7f80000,0x00000000d7f80000,0x00000000d8480000)
 ParOldGen       total 87552K, used 0K [0x0000000081c00000, 0x0000000087180000, 0x00000000d5f00000)
  object space 87552K, 0% used [0x0000000081c00000,0x0000000081c00000,0x0000000087180000)
 Metaspace       used 13504K, capacity 13638K, committed 13952K, reserved 1060864K
  class space    used 1569K, capacity 1597K, committed 1664K, reserved 1048576K
Event: 1.197 GC heap after
Heap after GC invocations=1 (full 0):
 PSYoungGen      total 38400K, used 5089K [0x00000000d5f00000, 0x00000000d8980000, 0x0000000100000000)
  eden space 33280K, 0% used [0x00000000d5f00000,0x00000000d5f00000,0x00000000d7f80000)
  from space 5120K, 99% used [0x00000000d7f80000,0x00000000d8478570,0x00000000d8480000)
  to   space 5120K, 0% used [0x00000000d8480000,0x00000000d8480000,0x00000000d8980000)
 ParOldGen       total 87552K, used 1848K [0x0000000081c00000, 0x0000000087180000, 0x00000000d5f00000)
  object space 87552K, 2% used [0x0000000081c00000,0x0000000081dce040,0x0000000087180000)
 Metaspace       used 13504K, capacity 13638K, committed 13952K, reserved 1060864K
  class space    used 1569K, capacity 1597K, committed 1664K, reserved 1048576K
}

Deoptimization events (10 events):
Event: 0.886 Thread 0x00000000026ee800 Uncommon trap: reason=range_check action=none pc=0x000000000f27a8dc method=sun.reflect.generics.parser.SignatureParser.current()C @ 34
Event: 0.886 Thread 0x00000000026ee800 Uncommon trap: reason=range_check action=none pc=0x000000000f27a8dc method=sun.reflect.generics.parser.SignatureParser.current()C @ 34
Event: 0.886 Thread 0x00000000026ee800 Uncommon trap: reason=range_check action=none pc=0x000000000f27a8dc method=sun.reflect.generics.parser.SignatureParser.current()C @ 34
Event: 0.890 Thread 0x00000000026ee800 Uncommon trap: reason=class_check action=maybe_recompile pc=0x000000000f296f08 method=java.util.HashMap.putVal(ILjava/lang/Object;Ljava/lang/Object;ZZ)Ljava/lang/Object; @ 203
Event: 0.893 Thread 0x00000000026ee800 Uncommon trap: reason=range_check action=none pc=0x000000000f27a8dc method=sun.reflect.generics.parser.SignatureParser.current()C @ 34
Event: 0.898 Thread 0x00000000026ee800 Uncommon trap: reason=range_check action=none pc=0x000000000f27a8dc method=sun.reflect.generics.parser.SignatureParser.current()C @ 34
Event: 0.941 Thread 0x00000000026ee800 Uncommon trap: reason=unstable_if action=reinterpret pc=0x000000000f2455f4 method=java.lang.AbstractStringBuilder.append(Ljava/lang/String;)Ljava/lang/AbstractStringBuilder; @ 1
Event: 0.993 Thread 0x00000000026ee800 Uncommon trap: reason=unstable_if action=reinterpret pc=0x000000000f2a7370 method=java.util.HashMap.hash(Ljava/lang/Object;)I @ 1
Event: 1.205 Thread 0x00000000026ee800 Uncommon trap: reason=unstable_if action=reinterpret pc=0x000000000f16e8b4 method=sun.nio.cs.UTF_8$Encoder.encode([CII[B)I @ 33
Event: 1.231 Thread 0x00000000026ee800 Uncommon trap: reason=unstable_if action=reinterpret pc=0x000000000f246d2c method=java.util.HashMap.hash(Ljava/lang/Object;)I @ 1

Internal exceptions (10 events):
Event: 0.886 Thread 0x00000000026ee800 Exception <a 'java/lang/ArrayIndexOutOfBoundsException': 38> (0x00000000d72bc410) thrown at [C:\re\workspace\8-2-build-windows-amd64-cygwin\jdk8u131\8869\hotspot\src\share\vm\interpreter\interpreterRuntime.cpp, line 366]
Event: 0.886 Thread 0x00000000026ee800 Exception <a 'java/lang/ArrayIndexOutOfBoundsException': 67> (0x00000000d72bd860) thrown at [C:\re\workspace\8-2-build-windows-amd64-cygwin\jdk8u131\8869\hotspot\src\share\vm\interpreter\interpreterRuntime.cpp, line 366]
Event: 0.886 Thread 0x00000000026ee800 Exception <a 'java/lang/ArrayIndexOutOfBoundsException': 55> (0x00000000d72befe0) thrown at [C:\re\workspace\8-2-build-windows-amd64-cygwin\jdk8u131\8869\hotspot\src\share\vm\interpreter\interpreterRuntime.cpp, line 366]
Event: 0.893 Thread 0x00000000026ee800 Exception <a 'java/lang/ArrayIndexOutOfBoundsException': 38> (0x00000000d72e4e40) thrown at [C:\re\workspace\8-2-build-windows-amd64-cygwin\jdk8u131\8869\hotspot\src\share\vm\interpreter\interpreterRuntime.cpp, line 366]
Event: 0.898 Thread 0x00000000026ee800 Exception <a 'java/lang/ArrayIndexOutOfBoundsException': 49> (0x00000000d72f4408) thrown at [C:\re\workspace\8-2-build-windows-amd64-cygwin\jdk8u131\8869\hotspot\src\share\vm\interpreter\interpreterRuntime.cpp, line 366]
Event: 0.923 Thread 0x00000000026ee800 Exception <a 'java/lang/NoSuchMethodError': org.slf4j.impl.StaticMarkerBinder.getSingleton()Lorg/slf4j/impl/StaticMarkerBinder;> (0x00000000d739ec90) thrown at [C:\re\workspace\8-2-build-windows-amd64-cygwin\jdk8u131\8869\hotspot\src\share\vm\interpreter\
Event: 0.941 Thread 0x00000000026ee800 Implicit null exception at 0x000000000f245099 to 0x000000000f2455d9
Event: 0.993 Thread 0x00000000026ee800 Implicit null exception at 0x000000000f2a72d8 to 0x000000000f2a7366
Event: 1.142 Thread 0x00000000026ee800 Exception <a 'java/lang/AbstractMethodError': org.h2.jdbc.JdbcConnection.getNetworkTimeout()I> (0x00000000d7d13d58) thrown at [C:\re\workspace\8-2-build-windows-amd64-cygwin\jdk8u131\8869\hotspot\src\share\vm\interpreter\linkResolver.cpp, line 1342]
Event: 1.231 Thread 0x00000000026ee800 Implicit null exception at 0x000000000f246a94 to 0x000000000f246d15

Events (10 events):
Event: 37.641 Executing VM operation: GetOrSetLocal
Event: 37.641 Executing VM operation: GetOrSetLocal done
Event: 37.643 Executing VM operation: ChangeSingleStep
Event: 37.643 Executing VM operation: ChangeSingleStep done
Event: 37.645 Executing VM operation: EnterInterpOnlyMode
Event: 37.645 Executing VM operation: EnterInterpOnlyMode done
Event: 37.647 Executing VM operation: GetOrSetLocal
Event: 37.647 Executing VM operation: GetOrSetLocal done
Event: 37.648 Executing VM operation: GetOrSetLocal
Event: 37.648 Executing VM operation: GetOrSetLocal done


Dynamic libraries:
0x00007ff76d690000 - 0x00007ff76d6c7000 	C:\Program Files\Java\jdk1.8.0_131\bin\javaw.exe
0x00007fffbc4f0000 - 0x00007fffbc6cb000 	C:\Windows\SYSTEM32\ntdll.dll
0x00007fffba4b0000 - 0x00007fffba55e000 	C:\Windows\System32\KERNEL32.DLL
0x00007fffb8bf0000 - 0x00007fffb8e39000 	C:\Windows\System32\KERNELBASE.dll
0x00007fffba0e0000 - 0x00007fffba181000 	C:\Windows\System32\ADVAPI32.dll
0x00007fffb9e10000 - 0x00007fffb9ead000 	C:\Windows\System32\msvcrt.dll
0x00007fffba440000 - 0x00007fffba499000 	C:\Windows\System32\sechost.dll
0x00007fffba730000 - 0x00007fffba855000 	C:\Windows\System32\RPCRT4.dll
0x00007fffb9af0000 - 0x00007fffb9c3a000 	C:\Windows\System32\USER32.dll
0x00007fffb8b60000 - 0x00007fffb8b7e000 	C:\Windows\System32\win32u.dll
0x00007fffbc4c0000 - 0x00007fffbc4e7000 	C:\Windows\System32\GDI32.dll
0x00007fffb98c0000 - 0x00007fffb9a49000 	C:\Windows\System32\gdi32full.dll
0x00007fffb9820000 - 0x00007fffb98ba000 	C:\Windows\System32\msvcp_win.dll
0x00007fffb8a10000 - 0x00007fffb8b06000 	C:\Windows\System32\ucrtbase.dll
0x00007fffb0dd0000 - 0x00007fffb1037000 	C:\Windows\WinSxS\amd64_microsoft.windows.common-controls_6595b64144ccf1df_6.0.15063.0_none_108e4f62dfe5d999\COMCTL32.dll
0x00007fffba940000 - 0x00007fffbac39000 	C:\Windows\System32\combase.dll
0x00007fffb8b80000 - 0x00007fffb8bea000 	C:\Windows\System32\bcryptPrimitives.dll
0x00007fffb9cb0000 - 0x00007fffb9cdd000 	C:\Windows\System32\IMM32.DLL
0x00007fffb84f0000 - 0x00007fffb851b000 	C:\Program Files\MacType\MacType64.dll
0x00007fffb84a0000 - 0x00007fffb84ef000 	C:\Program Files\MacType\Easyhk64.dll
0x00007fffb8330000 - 0x00007fffb842e000 	C:\Program Files\MacType\MacType64.Core.dll
0x00007fffb6fd0000 - 0x00007fffb7574000 	C:\Windows\SYSTEM32\d2d1.dll
0x00007fffb8e40000 - 0x00007fffb9009000 	C:\Windows\System32\CRYPT32.dll
0x00007fffb8960000 - 0x00007fffb8971000 	C:\Windows\System32\MSASN1.dll
0x00007fffb6d10000 - 0x00007fffb6fd0000 	C:\Windows\SYSTEM32\dwrite.dll
0x00007fffb82d0000 - 0x00007fffb8301000 	C:\Windows\system32\nvinitx.dll
0x00007fffb82a0000 - 0x00007fffb82aa000 	C:\Windows\SYSTEM32\VERSION.dll
0x000000000f000000 - 0x000000000f006000 	C:\Program Files\NVIDIA Corporation\CoProcManager\_etoured.dll
0x00007fffb52d0000 - 0x00007fffb5302000 	C:\Program Files\NVIDIA Corporation\CoProcManager\nvd3d9wrapx.dll
0x00007fffbac40000 - 0x00007fffbb07b000 	C:\Windows\System32\SETUPAPI.dll
0x0000000002690000 - 0x00000000026d9000 	C:\Windows\System32\cfgmgr32.dll
0x00007fffb5270000 - 0x00007fffb5292000 	C:\Program Files\NVIDIA Corporation\CoProcManager\nvdxgiwrapx.dll
0x0000000057150000 - 0x0000000057222000 	C:\Program Files\Java\jdk1.8.0_131\jre\bin\msvcr100.dll
0x0000000057410000 - 0x0000000057cac000 	C:\Program Files\Java\jdk1.8.0_131\jre\bin\server\jvm.dll
0x00007fffb9ca0000 - 0x00007fffb9ca8000 	C:\Windows\System32\PSAPI.DLL
0x00007fffb53b0000 - 0x00007fffb53b9000 	C:\Windows\SYSTEM32\WSOCK32.dll
0x00007fffb9da0000 - 0x00007fffb9e0c000 	C:\Windows\System32\WS2_32.dll
0x00007fffb5730000 - 0x00007fffb5753000 	C:\Windows\SYSTEM32\WINMM.dll
0x00007fffb56d0000 - 0x00007fffb56fb000 	C:\Windows\SYSTEM32\WINMMBASE.dll
0x0000000057320000 - 0x000000005732f000 	C:\Program Files\Java\jdk1.8.0_131\jre\bin\verify.dll
0x00000000572f0000 - 0x0000000057319000 	C:\Program Files\Java\jdk1.8.0_131\jre\bin\java.dll
0x0000000057110000 - 0x0000000057145000 	C:\Program Files\Java\jdk1.8.0_131\jre\bin\jdwp.dll
0x0000000057100000 - 0x0000000057108000 	C:\Program Files\Java\jdk1.8.0_131\jre\bin\npt.dll
0x00000000572d0000 - 0x00000000572e6000 	C:\Program Files\Java\jdk1.8.0_131\jre\bin\zip.dll
0x0000000009c20000 - 0x000000000b057000 	C:\Windows\System32\SHELL32.dll
0x00007fffba860000 - 0x00007fffba90a000 	C:\Windows\System32\shcore.dll
0x00007fffb9120000 - 0x00007fffb9812000 	C:\Windows\System32\windows.storage.dll
0x00007fffba6d0000 - 0x00007fffba721000 	C:\Windows\System32\shlwapi.dll
0x00007fffb89f0000 - 0x00007fffb8a01000 	C:\Windows\System32\kernel.appcore.dll
0x00007fffb89a0000 - 0x00007fffb89ec000 	C:\Windows\System32\powrprof.dll
0x00007fffb8980000 - 0x00007fffb8995000 	C:\Windows\System32\profapi.dll
0x00000000570f0000 - 0x00000000570f9000 	C:\Program Files\Java\jdk1.8.0_131\jre\bin\dt_socket.dll
0x00007fffb06b0000 - 0x00007fffb06c6000 	C:\Windows\system32\napinsp.dll
0x00007fffb0690000 - 0x00007fffb06aa000 	C:\Windows\system32\pnrpnsp.dll
0x00007fffb52b0000 - 0x00007fffb52c8000 	C:\Windows\system32\NLAapi.dll
0x00007fffb80a0000 - 0x00007fffb80fc000 	C:\Windows\System32\mswsock.dll
0x00007fffb7e20000 - 0x00007fffb7ec4000 	C:\Windows\SYSTEM32\DNSAPI.dll
0x00007fffba930000 - 0x00007fffba938000 	C:\Windows\System32\NSI.dll
0x00007fffb7de0000 - 0x00007fffb7e17000 	C:\Windows\SYSTEM32\IPHLPAPI.DLL
0x00007fffb1550000 - 0x00007fffb155e000 	C:\Windows\System32\winrnr.dll
0x00007fffadbf0000 - 0x00007fffadc5b000 	C:\Windows\System32\fwpuclnt.dll
0x00007fffb8790000 - 0x00007fffb87b5000 	C:\Windows\SYSTEM32\bcrypt.dll
0x00007fffa7820000 - 0x00007fffa782a000 	C:\Windows\System32\rasadhlp.dll
0x00000000572b0000 - 0x00000000572ca000 	C:\Program Files\Java\jdk1.8.0_131\jre\bin\net.dll
0x00000000570e0000 - 0x00000000570ed000 	C:\Program Files\Java\jdk1.8.0_131\jre\bin\management.dll
0x0000000057290000 - 0x00000000572a1000 	C:\Program Files\Java\jdk1.8.0_131\jre\bin\nio.dll
0x00007fffb8240000 - 0x00007fffb8257000 	C:\Windows\SYSTEM32\CRYPTSP.dll
0x00007fffb7c60000 - 0x00007fffb7c94000 	C:\Windows\system32\rsaenh.dll
0x00007fffb8890000 - 0x00007fffb88b9000 	C:\Windows\SYSTEM32\USERENV.dll
0x00007fffb8260000 - 0x00007fffb826b000 	C:\Windows\SYSTEM32\CRYPTBASE.dll
0x00007fffa9380000 - 0x00007fffa9529000 	C:\Windows\SYSTEM32\dbghelp.dll

VM Arguments:
jvm_args: -agentlib:jdwp=transport=dt_socket,suspend=y,address=localhost:9226 -ea -Dfile.encoding=UTF-8 
java_command: org.eclipse.jdt.internal.junit.runner.RemoteTestRunner -version 3 -port 9225 -testLoaderClass org.eclipse.jdt.internal.junit4.runner.JUnit4TestLoader -loaderpluginname org.eclipse.jdt.junit4.runtime -test com.jfireframework.sql.test.CURDTest:test_loadIgnore
java_class_path (initial): E:\allSql\target\test-classes;E:\allSql\target\classes;D:\maven\repo\org\apache\logging\log4j\log4j-slf4j-impl\2.2\log4j-slf4j-impl-2.2.jar;D:\maven\repo\org\apache\logging\log4j\log4j-api\2.2\log4j-api-2.2.jar;D:\maven\repo\org\apache\logging\log4j\log4j-core\2.2\log4j-core-2.2.jar;D:\maven\repo\org\slf4j\slf4j-api\1.7.25\slf4j-api-1.7.25.jar;D:\maven\repo\com\h2database\h2\1.4.191\h2-1.4.191.jar;D:\maven\repo\org\hsqldb\hsqldb\2.3.4\hsqldb-2.3.4.jar;D:\maven\repo\com\jfireframework\jfire\1.0-SNAPSHOT\jfire-1.0-SNAPSHOT.jar;D:\maven\repo\com\jfireframework\baseutil\1.0-SNAPSHOT\baseutil-1.0-SNAPSHOT.jar;D:\maven\repo\com\zaxxer\HikariCP-java6\2.3.13\HikariCP-java6-2.3.13.jar;D:\maven\repo\junit\junit\4.11\junit-4.11.jar;D:\maven\repo\org\hamcrest\hamcrest-core\1.3\hamcrest-core-1.3.jar;D:\eclipse-java-oxygen-R-win32-x86_64\eclipse\configuration\org.eclipse.osgi\229\0\.cp;D:\eclipse-java-oxygen-R-win32-x86_64\eclipse\configuration\org.eclipse.osgi\228\0\.cp
Launcher Type: SUN_STANDARD

Environment Variables:
PATH=C:\Program Files\Java\jdk1.8.0_131\jre\bin;C:/Program Files/Java/jdk1.8.0_131/bin/../jre/bin/server;C:/Program Files/Java/jdk1.8.0_131/bin/../jre/bin;C:/Program Files/Java/jdk1.8.0_131/bin/../jre/lib/amd64;C:\ProgramData\Oracle\Java\javapath;C:\Windows\system32;C:\Windows;C:\Windows\System32\Wbem;C:\Windows\System32\WindowsPowerShell\v1.0\;C:\Program Files\MacType;C:\Program Files (x86)\NVIDIA Corporation\PhysX\Common;C:\Users\Administrator\AppData\Local\Microsoft\WindowsApps;;D:\eclipse-java-oxygen-R-win32-x86_64\eclipse;
USERNAME=Administrator
OS=Windows_NT
PROCESSOR_IDENTIFIER=Intel64 Family 6 Model 58 Stepping 9, GenuineIntel



---------------  S Y S T E M  ---------------

OS: Windows 10.0 , 64 bit Build 15063 (10.0.15063.0)

CPU:total 4 (initial active 4) (2 cores per cpu, 2 threads per core) family 6 model 58 stepping 9, cmov, cx8, fxsr, mmx, sse, sse2, sse3, ssse3, sse4.1, sse4.2, popcnt, avx, aes, clmul, erms, ht, tsc, tscinvbit, tscinv

Memory: 4k page, physical 8271340k(3168788k free), swap 8271340k(2845920k free)

vm_info: Java HotSpot(TM) 64-Bit Server VM (25.131-b11) for windows-amd64 JRE (1.8.0_131-b11), built on Mar 15 2017 01:23:53 by "java_re" with MS VC++ 10.0 (VS2010)

time: Sat Jul 08 08:49:59 2017
elapsed time: 37 seconds (0d 0h 0m 37s)

